<?xml version="1.0" encoding="UTF-8"?>
<!-- Generated by org.testng.reporters.JUnitReportReporter -->
<testsuite hostname="LAPTOP-3DJ5EE6T" failures="0" tests="2" name="swagger_demo.swagger" time="5.753" errors="0" timestamp="2024-10-17T00:32:17 IST" skipped="0">
  <testcase classname="swagger_demo.swagger" name="Post_PlaceAnOrder" time="2.103"/>
  <testcase classname="swagger_demo.swagger" name="Get_PetsByStatus" time="3.650"/>
</testsuite> <!-- swagger_demo.swagger -->
